<?xml version="1.0" encoding="UTF-8"?>
<!-- Generated by org.testng.reporters.JUnitReportReporter -->
<testsuite hostname="pavel-zenbook" failures="0" tests="5" name="DaoTest" time="2.476" errors="0" timestamp="2021-04-18T17:18:09 MSK" skipped="0">
  <testcase classname="DaoTest" name="AccountTypeTest" time="0.052"/>
  <system-out/>
  <testcase classname="DaoTest" name="AccountTest" time="2.165"/>
  <system-out/>
  <testcase classname="DaoTest" name="TransactionTest" time="0.119"/>
  <system-out/>
  <testcase classname="DaoTest" name="DepartmentTest" time="0.045"/>
  <system-out/>
  <testcase classname="DaoTest" name="ClientTest" time="0.095"/>
  <system-out/>
</testsuite> <!-- DaoTest -->
